-------------------------------------------------------------------------------
Test set: com.project.runners.FailedTestRunner
-------------------------------------------------------------------------------
Tests run: 1, Failures: 1, Errors: 0, Skipped: 0, Time elapsed: 12.945 s <<< FAILURE! - in com.project.runners.FailedTestRunner
Verify Create Calender Event(Contacs page)  Time elapsed: 12.937 s  <<< FAILURE!
java.lang.AssertionError

